<?xml version="1.0" encoding="UTF-8"?>
<!-- Generated by org.testng.reporters.JUnitXMLReporter -->
<testsuite ignored="0" hostname="XIPL91833" failures="1" tests="7" name="Free CRM Application Automation" time="71.355" errors="0" timestamp="2022-10-12T13:24:46 IST">
  <testcase classname="com.CRM.qa.Testcases.HomePageTest" name="@BeforeMethod SetUp" time="28.697">
    <failure type="org.openqa.selenium.TimeoutException" message="timeout: Timed out receiving message from renderer: 20.000
  (Session info: chrome=106.0.5249.103)
Build info: version: &amp;apos;4.0.0&amp;apos;, revision: &amp;apos;3a21814679&amp;apos;
System info: host: &amp;apos;XIPL91833&amp;apos;, ip: &amp;apos;192.168.1.100&amp;apos;, os.name: &amp;apos;Windows 10&amp;apos;, os.arch: &amp;apos;amd64&amp;apos;, os.version: &amp;apos;10.0&amp;apos;, java.version: &amp;apos;18.0.2.1&amp;apos;
Driver info: org.openqa.selenium.chrome.ChromeDriver
Command: [c37aa215f81bfdb305830e056e397c13, sendKeysToElement {id=b0f44511-f528-4a6b-9c7f-a6b022398897, value=[Ljava.lang.CharSequence;@7c6189d5}]
Capabilities {acceptInsecureCerts: false, browserName: chrome, browserVersion: 106.0.5249.103, chrome: {chromedriverVersion: 105.0.5195.52 (412c95e51883..., userDataDir: C:\Users\MONALI~1.MAH\AppDa...}, goog:chromeOptions: {debuggerAddress: localhost:56433}, javascriptEnabled: true, networkConnectionEnabled: false, pageLoadStrategy: normal, platform: WINDOWS, platformName: WINDOWS, proxy: Proxy(), se:cdp: ws://localhost:56433/devtoo..., se:cdpVersion: 106.0.5249.103, setWindowRect: true, strictFileInteractability: false, timeouts: {implicit: 0, pageLoad: 300000, script: 30000}, unhandledPromptBehavior: dismiss and notify, webauthn:extension:credBlob: true, webauthn:extension:largeBlob: true, webauthn:virtualAuthenticators: true}
Element: [[ChromeDriver: chrome on WINDOWS (c37aa215f81bfdb305830e056e397c13)] -&amp;gt; name: password]
Session ID: c37aa215f81bfdb305830e056e397c13">
      <![CDATA[org.openqa.selenium.TimeoutException: timeout: Timed out receiving message from renderer: 20.000
  (Session info: chrome=106.0.5249.103)
Build info: version: '4.0.0', revision: '3a21814679'
System info: host: 'XIPL91833', ip: '192.168.1.100', os.name: 'Windows 10', os.arch: 'amd64', os.version: '10.0', java.version: '18.0.2.1'
Driver info: org.openqa.selenium.chrome.ChromeDriver
Command: [c37aa215f81bfdb305830e056e397c13, sendKeysToElement {id=b0f44511-f528-4a6b-9c7f-a6b022398897, value=[Ljava.lang.CharSequence;@7c6189d5}]
Capabilities {acceptInsecureCerts: false, browserName: chrome, browserVersion: 106.0.5249.103, chrome: {chromedriverVersion: 105.0.5195.52 (412c95e51883..., userDataDir: C:\Users\MONALI~1.MAH\AppDa...}, goog:chromeOptions: {debuggerAddress: localhost:56433}, javascriptEnabled: true, networkConnectionEnabled: false, pageLoadStrategy: normal, platform: WINDOWS, platformName: WINDOWS, proxy: Proxy(), se:cdp: ws://localhost:56433/devtoo..., se:cdpVersion: 106.0.5249.103, setWindowRect: true, strictFileInteractability: false, timeouts: {implicit: 0, pageLoad: 300000, script: 30000}, unhandledPromptBehavior: dismiss and notify, webauthn:extension:credBlob: true, webauthn:extension:largeBlob: true, webauthn:virtualAuthenticators: true}
Element: [[ChromeDriver: chrome on WINDOWS (c37aa215f81bfdb305830e056e397c13)] -> name: password]
Session ID: c37aa215f81bfdb305830e056e397c13
at org.openqa.selenium.remote.codec.w3c.W3CHttpResponseCodec.createException(W3CHttpResponseCodec.java:200)
at org.openqa.selenium.remote.codec.w3c.W3CHttpResponseCodec.decode(W3CHttpResponseCodec.java:133)
at org.openqa.selenium.remote.codec.w3c.W3CHttpResponseCodec.decode(W3CHttpResponseCodec.java:53)
at org.openqa.selenium.remote.HttpCommandExecutor.execute(HttpCommandExecutor.java:184)
at org.openqa.selenium.remote.service.DriverCommandExecutor.invokeExecute(DriverCommandExecutor.java:164)
at org.openqa.selenium.remote.service.DriverCommandExecutor.execute(DriverCommandExecutor.java:139)
at org.openqa.selenium.remote.RemoteWebDriver.execute(RemoteWebDriver.java:559)
at org.openqa.selenium.remote.RemoteWebElement.execute(RemoteWebElement.java:251)
at org.openqa.selenium.remote.RemoteWebElement.sendKeys(RemoteWebElement.java:107)
at org.openqa.selenium.support.pagefactory.internal.LocatingElementHandler.invoke(LocatingElementHandler.java:52)
at jdk.proxy2/jdk.proxy2.$Proxy17.sendKeys(Unknown Source)
at com.CRM.qa.pages.LoginPage.login(LoginPage.java:48)
at com.CRM.qa.Testcases.HomePageTest.SetUp(HomePageTest.java:31)
at java.base/java.util.ArrayList.forEach(ArrayList.java:1511)
... Removed 34 stack frames]]>
    </failure>
  </testcase> <!-- @BeforeMethod SetUp -->
  <testcase classname="com.CRM.qa.Testcases.HomePageTest" name="@BeforeMethod SetUp" time="0.0">
    <skipped/>
  </testcase> <!-- @BeforeMethod SetUp -->
  <testcase classname="com.CRM.qa.Testcases.HomePageTest" name="@BeforeMethod SetUp" time="0.0">
    <skipped/>
  </testcase> <!-- @BeforeMethod SetUp -->
  <testcase classname="com.CRM.qa.Testcases.ContactsPageTest" name="@BeforeMethod SetUp" time="28.784">
    <failure type="org.openqa.selenium.NoSuchFrameException" message="No frame element found by name or id mainpanel
Build info: version: &amp;apos;4.0.0&amp;apos;, revision: &amp;apos;3a21814679&amp;apos;
System info: host: &amp;apos;XIPL91833&amp;apos;, ip: &amp;apos;192.168.1.100&amp;apos;, os.name: &amp;apos;Windows 10&amp;apos;, os.arch: &amp;apos;amd64&amp;apos;, os.version: &amp;apos;10.0&amp;apos;, java.version: &amp;apos;18.0.2.1&amp;apos;
Driver info: driver.version: unknown">
      <![CDATA[org.openqa.selenium.NoSuchFrameException: No frame element found by name or id mainpanel
Build info: version: '4.0.0', revision: '3a21814679'
System info: host: 'XIPL91833', ip: '192.168.1.100', os.name: 'Windows 10', os.arch: 'amd64', os.version: '10.0', java.version: '18.0.2.1'
Driver info: driver.version: unknown
at org.openqa.selenium.remote.RemoteWebDriver$RemoteTargetLocator.frame(RemoteWebDriver.java:989)
at com.CRM.qa.Util.TestUtil.SwitchToframe(TestUtil.java:17)
at com.CRM.qa.Testcases.ContactsPageTest.SetUp(ContactsPageTest.java:33)
at java.base/java.util.ArrayList.forEach(ArrayList.java:1511)
... Removed 29 stack frames]]>
    </failure>
  </testcase> <!-- @BeforeMethod SetUp -->
  <testcase classname="com.CRM.qa.Testcases.ContactsPageTest" name="@BeforeMethod SetUp" time="0.0">
    <skipped/>
  </testcase> <!-- @BeforeMethod SetUp -->
  <testcase classname="com.CRM.qa.Testcases.ContactsPageTest" name="@AfterTest TearDown" time="0.0">
    <skipped/>
  </testcase> <!-- @AfterTest TearDown -->
  <testcase classname="com.CRM.qa.Testcases.HomePageTest" name="@AfterTest TearDown" time="0.0">
    <skipped/>
  </testcase> <!-- @AfterTest TearDown -->
  <testcase classname="com.CRM.qa.Testcases.LoginPageTest" name="LoginPageTitleTest" time="0.05">
    <failure type="java.lang.AssertionError" message="expected [Free CRM] but found [Free CRM software for any business with sales, support and customer relationship management]">
      <![CDATA[java.lang.AssertionError: expected [Free CRM] but found [Free CRM software for any business with sales, support and customer relationship management]
at com.CRM.qa.Testcases.LoginPageTest.LoginPageTitleTest(LoginPageTest.java:35)
at java.base/java.util.ArrayList.forEach(ArrayList.java:1511)
... Removed 31 stack frames]]>
    </failure>
  </testcase> <!-- LoginPageTitleTest -->
  <testcase classname="com.CRM.qa.Testcases.LoginPageTest" name="LoginTest" time="3.816"/>
  <testcase classname="com.CRM.qa.Testcases.HomePageTest" name="VerifyHomePageTitle" time="0.001">
    <skipped/>
  </testcase> <!-- VerifyHomePageTitle -->
  <testcase classname="com.CRM.qa.Testcases.HomePageTest" name="VerifyUsername" time="0.0">
    <skipped/>
  </testcase> <!-- VerifyUsername -->
  <testcase classname="com.CRM.qa.Testcases.HomePageTest" name="VerifycontactslinkTest" time="0.0">
    <skipped/>
  </testcase> <!-- VerifycontactslinkTest -->
  <testcase classname="com.CRM.qa.Testcases.ContactsPageTest" name="VerifycontactspageLable" time="0.0">
    <skipped/>
  </testcase> <!-- VerifycontactspageLable -->
  <testcase classname="com.CRM.qa.Testcases.ContactsPageTest" name="selectContacsList" time="0.0">
    <skipped/>
  </testcase> <!-- selectContacsList -->
</testsuite> <!-- Free CRM Application Automation -->
